<?xml version="1.0" encoding="utf-8"?><testsuite errors="0" failures="0" name="pytest" skips="0" tests="4" time="1.674"><testcase classname="future_tests.index_test.IntroToDerivatives" file="future_tests/index_test.py" line="14" name="test_delta_f" time="0.0012156963348388672"></testcase><testcase classname="future_tests.index_test.IntroToDerivatives" file="future_tests/index_test.py" line="18" name="test_derivative_of" time="0.0008356571197509766"></testcase><testcase classname="future_tests.index_test.IntroToDerivatives" file="future_tests/index_test.py" line="9" name="test_output_at" time="0.0008702278137207031"></testcase><testcase classname="future_tests.index_test.IntroToDerivatives" file="future_tests/index_test.py" line="6" name="test_term_output" time="0.0011129379272460938"></testcase></testsuite>